2024-12-23 17:16:01 - Test Started: Navigating to ProtonMail
2024-12-23 17:16:02 - Page loaded.
2024-12-23 17:16:07 - Found Buttons:
2024-12-23 17:16:07 - Button Text: 
2024-12-23 17:16:07 - Button Text: 
2024-12-23 17:16:07 - Button Text: 
2024-12-23 17:16:07 - Button Text: 
2024-12-23 17:16:07 - Button Text: Open menu
2024-12-23 17:16:07 - Button Text: What is Proton Mail?
2024-12-23 17:16:07 - Button Text: Why do I need a private email?
2024-12-23 17:16:07 - Button Text: How can I get a private email?
2024-12-23 17:16:07 - Button Text: Is Proton Mail safer than Gmail?
2024-12-23 17:16:07 - Button Text: Is Proton Mail free?
2024-12-23 17:16:07 - Button Text: Do you offer a plan for families?
2024-12-23 17:16:07 - Button Text: 
2024-12-23 17:16:07 - Button Text: 
2024-12-23 17:16:07 - Button Text: 
2024-12-23 17:16:07 - Button Text: 
2024-12-23 17:16:07 - Button Text: 
2024-12-23 17:16:07 - Button Text: English
2024-12-23 17:16:07 - Found Links:
2024-12-23 17:16:07 - Link Text: 
2024-12-23 17:16:07 - Link Text: 
2024-12-23 17:16:07 - Link Text: 
2024-12-23 17:16:07 - Link Text: 
2024-12-23 17:16:07 - Link Text: 
2024-12-23 17:16:07 - Link Text: 
2024-12-23 17:16:07 - Link Text: 
2024-12-23 17:16:07 - Link Text: 
2024-12-23 17:16:07 - Link Text: 
2024-12-23 17:16:07 - Link Text: 
2024-12-23 17:16:08 - Link Text: 
2024-12-23 17:16:08 - Link Text: 
2024-12-23 17:16:08 - Link Text: 
2024-12-23 17:16:08 - Link Text: 
2024-12-23 17:16:08 - Link Text: 
2024-12-23 17:16:08 - Link Text: 
2024-12-23 17:16:08 - Link Text: 
2024-12-23 17:16:08 - Link Text: 
2024-12-23 17:16:08 - Link Text: 
2024-12-23 17:16:08 - Link Text: 
2024-12-23 17:16:08 - Link Text: 
2024-12-23 17:16:08 - Link Text: 
2024-12-23 17:16:08 - Link Text: 
2024-12-23 17:16:08 - Link Text: 
2024-12-23 17:16:08 - Link Text: 
2024-12-23 17:16:08 - Link Text: 
2024-12-23 17:16:08 - Link Text: 
2024-12-23 17:16:08 - Link Text: 
2024-12-23 17:16:08 - Link Text: Get Proton Mail
2024-12-23 17:16:08 - Link Text: Sign in
2024-12-23 17:16:08 - Link Text: Create a free account
2024-12-23 17:16:08 - Link Text: secure business email
2024-12-23 17:16:08 - Link Text: Get your encrypted email
2024-12-23 17:16:08 - Link Text: Block email trackers
2024-12-23 17:16:08 - Link Text: See all plans
2024-12-23 17:16:08 - Link Text: Why Switzerland?
2024-12-23 17:16:08 - Link Text: Switch to Proton Mail
2024-12-23 17:16:08 - Link Text: More about open source
2024-12-23 17:16:08 - Link Text: Take back control
2024-12-23 17:16:08 - Link Text: See all security features
2024-12-23 17:16:08 - Link Text: Create a free account
2024-12-23 17:16:08 - Link Text: 
2024-12-23 17:16:08 - Link Text: 
2024-12-23 17:16:08 - Link Text: Get Proton for Business
2024-12-23 17:16:08 - Link Text: Read about our impact
2024-12-23 17:16:08 - Link Text: Read about our community
2024-12-23 17:16:08 - Link Text: (new window)
2024-12-23 17:16:08 - Link Text: (new window)
2024-12-23 17:16:08 - Link Text: (new window)
2024-12-23 17:16:08 - Link Text: (new window)
2024-12-23 17:16:08 - Link Text: (new window)
2024-12-23 17:16:08 - Link Text: (new window)
2024-12-23 17:16:08 - Link Text: 
2024-12-23 17:16:08 - Link Text: (new window)
2024-12-23 17:16:08 - Link Text: (new window)
2024-12-23 17:16:08 - Link Text: (new window)
2024-12-23 17:16:08 - Link Text: (new window)
2024-12-23 17:16:08 - Link Text: (new window)
2024-12-23 17:16:08 - Link Text: (new window)
2024-12-23 17:16:08 - Link Text: Proton Mail
2024-12-23 17:16:08 - Link Text: Proton Calendar
2024-12-23 17:16:08 - Link Text: Proton Drive
2024-12-23 17:16:08 - Link Text: Proton VPN
(new window)
2024-12-23 17:16:08 - Link Text: Proton Pass
2024-12-23 17:16:08 - Link Text: Proton Wallet
2024-12-23 17:16:08 - Link Text: Proton for Business
2024-12-23 17:16:08 - Link Text: Password generator
2024-12-23 17:16:08 - Link Text: Tor
2024-12-23 17:16:08 - Link Text: Switch to Proton
2024-12-23 17:16:08 - Link Text: Community
2024-12-23 17:16:08 - Link Text: Open source
2024-12-23 17:16:08 - Link Text: Pricing
2024-12-23 17:16:08 - Link Text: Student discount
2024-12-23 17:16:08 - Link Text: About us
2024-12-23 17:16:08 - Link Text: Team
2024-12-23 17:16:08 - Link Text: Impact
2024-12-23 17:16:08 - Link Text: Proton Foundation
2024-12-23 17:16:08 - Link Text: Careers
WE’RE HIRING
2024-12-23 17:16:08 - Link Text: Shop
(new window)
2024-12-23 17:16:08 - Link Text: Blog
2024-12-23 17:16:08 - Link Text: Help and support
2024-12-23 17:16:08 - Link Text: Partners and affiliates
2024-12-23 17:16:08 - Link Text: Press and media
2024-12-23 17:16:08 - Link Text: Contact us
2024-12-23 17:16:08 - Link Text: System status
(new window)
2024-12-23 17:16:08 - Link Text: Report abuse
2024-12-23 17:16:08 - Link Text: Report a problem
2024-12-23 17:16:08 - Link Text: Report a security issue
2024-12-23 17:16:08 - Link Text: Request a feature
(new window)
2024-12-23 17:16:08 - Link Text: Privacy Policy
2024-12-23 17:16:08 - Link Text: Terms & conditions
2024-12-23 17:16:08 - Link Text: Transparency report
2024-12-23 17:16:09 - Captured screenshot after querying interactive elements.
2024-12-23 17:16:09 - Test Completed.
2024-12-23 17:16:09 - Test Finished: WebDriver session closed.
